

Started GET "/" for 127.0.0.1 at 2014-11-27 11:13:00 +1100
Processing by PagesController#index as HTML
  [1m[35mUser Load (18.2ms)[0m  SELECT  "users".* FROM "users"  WHERE "users"."id" = 6  ORDER BY "users"."id" ASC LIMIT 1
  Rendered users/_form.html.erb (19.4ms)
  Rendered session/_form.haml (4.5ms)
  Rendered pages/index.html.erb within layouts/application (32.3ms)
Completed 200 OK in 494ms (Views: 455.6ms | ActiveRecord: 18.2ms)


Started GET "/assets/pages.css?body=1" for 127.0.0.1 at 2014-11-27 11:13:00 +1100


Started GET "/assets/desks.css?body=1" for 127.0.0.1 at 2014-11-27 11:13:00 +1100


Started GET "/assets/reviews.css?body=1" for 127.0.0.1 at 2014-11-27 11:13:00 +1100


Started GET "/assets/scaffolds.css?body=1" for 127.0.0.1 at 2014-11-27 11:13:00 +1100


Started GET "/assets/users.css?body=1" for 127.0.0.1 at 2014-11-27 11:13:00 +1100


Started GET "/assets/venues.css?body=1" for 127.0.0.1 at 2014-11-27 11:13:00 +1100


Started GET "/assets/application.css?body=1" for 127.0.0.1 at 2014-11-27 11:13:00 +1100


Started GET "/css/style.css" for 127.0.0.1 at 2014-11-27 11:13:00 +1100

ActionController::RoutingError (No route matches [GET] "/css/style.css"):
  actionpack (4.1.6) lib/action_dispatch/middleware/debug_exceptions.rb:21:in `call'
  actionpack (4.1.6) lib/action_dispatch/middleware/show_exceptions.rb:30:in `call'
  railties (4.1.6) lib/rails/rack/logger.rb:38:in `call_app'
  railties (4.1.6) lib/rails/rack/logger.rb:20:in `block in call'
  activesupport (4.1.6) lib/active_support/tagged_logging.rb:68:in `block in tagged'
  activesupport (4.1.6) lib/active_support/tagged_logging.rb:26:in `tagged'
  activesupport (4.1.6) lib/active_support/tagged_logging.rb:68:in `tagged'
  railties (4.1.6) lib/rails/rack/logger.rb:20:in `call'
  actionpack (4.1.6) lib/action_dispatch/middleware/request_id.rb:21:in `call'
  rack (1.5.2) lib/rack/methodoverride.rb:21:in `call'
  rack (1.5.2) lib/rack/runtime.rb:17:in `call'
  activesupport (4.1.6) lib/active_support/cache/strategy/local_cache_middleware.rb:26:in `call'
  rack (1.5.2) lib/rack/lock.rb:17:in `call'
  actionpack (4.1.6) lib/action_dispatch/middleware/static.rb:64:in `call'
  rack (1.5.2) lib/rack/sendfile.rb:112:in `call'
  railties (4.1.6) lib/rails/engine.rb:514:in `call'
  railties (4.1.6) lib/rails/application.rb:144:in `call'
  rack (1.5.2) lib/rack/lock.rb:17:in `call'
  rack (1.5.2) lib/rack/content_length.rb:14:in `call'
  rack (1.5.2) lib/rack/handler/webrick.rb:60:in `service'
  /Users/PhilJacob/.rvm/rubies/ruby-2.0.0-p481/lib/ruby/2.0.0/webrick/httpserver.rb:138:in `service'
  /Users/PhilJacob/.rvm/rubies/ruby-2.0.0-p481/lib/ruby/2.0.0/webrick/httpserver.rb:94:in `run'
  /Users/PhilJacob/.rvm/rubies/ruby-2.0.0-p481/lib/ruby/2.0.0/webrick/server.rb:295:in `block in start_thread'


  Rendered /Users/PhilJacob/.rvm/gems/ruby-2.0.0-p481/gems/actionpack-4.1.6/lib/action_dispatch/middleware/templates/rescues/_trace.html.erb (1.9ms)
  Rendered /Users/PhilJacob/.rvm/gems/ruby-2.0.0-p481/gems/actionpack-4.1.6/lib/action_dispatch/middleware/templates/routes/_route.html.erb (3.9ms)
  Rendered /Users/PhilJacob/.rvm/gems/ruby-2.0.0-p481/gems/actionpack-4.1.6/lib/action_dispatch/middleware/templates/routes/_table.html.erb (1.2ms)
  Rendered /Users/PhilJacob/.rvm/gems/ruby-2.0.0-p481/gems/actionpack-4.1.6/lib/action_dispatch/middleware/templates/rescues/routing_error.html.erb within rescues/layout (48.2ms)


Started GET "/assets/bootstrap/affix.js?body=1" for 127.0.0.1 at 2014-11-27 11:13:00 +1100


Started GET "/assets/desker.css?body=1" for 127.0.0.1 at 2014-11-27 11:13:00 +1100


Started GET "/assets/bootstrap/alert.js?body=1" for 127.0.0.1 at 2014-11-27 11:13:00 +1100


Started GET "/assets/bootstrap/button.js?body=1" for 127.0.0.1 at 2014-11-27 11:13:00 +1100


Started GET "/assets/jquery_ujs.js?body=1" for 127.0.0.1 at 2014-11-27 11:13:00 +1100


Started GET "/assets/jquery.js?body=1" for 127.0.0.1 at 2014-11-27 11:13:00 +1100


Started GET "/assets/bootstrap/carousel.js?body=1" for 127.0.0.1 at 2014-11-27 11:13:00 +1100


Started GET "/assets/bootstrap/collapse.js?body=1" for 127.0.0.1 at 2014-11-27 11:13:00 +1100


Started GET "/assets/bootstrap/tab.js?body=1" for 127.0.0.1 at 2014-11-27 11:13:00 +1100


Started GET "/assets/bootstrap/dropdown.js?body=1" for 127.0.0.1 at 2014-11-27 11:13:00 +1100


Started GET "/assets/bootstrap/tooltip.js?body=1" for 127.0.0.1 at 2014-11-27 11:13:00 +1100


Started GET "/assets/bootstrap/scrollspy.js?body=1" for 127.0.0.1 at 2014-11-27 11:13:00 +1100


Started GET "/assets/bootstrap/popover.js?body=1" for 127.0.0.1 at 2014-11-27 11:13:00 +1100


Started GET "/assets/bootstrap/modal.js?body=1" for 127.0.0.1 at 2014-11-27 11:13:00 +1100


Started GET "/assets/bootstrap/transition.js?body=1" for 127.0.0.1 at 2014-11-27 11:13:00 +1100


Started GET "/assets/bootstrap.js?body=1" for 127.0.0.1 at 2014-11-27 11:13:00 +1100


Started GET "/assets/moment.js?body=1" for 127.0.0.1 at 2014-11-27 11:13:00 +1100


Started GET "/assets/bootstrap-datetimepicker.js?body=1" for 127.0.0.1 at 2014-11-27 11:13:00 +1100


Started GET "/assets/desker.js?body=1" for 127.0.0.1 at 2014-11-27 11:13:00 +1100


Started GET "/assets/desks.js?body=1" for 127.0.0.1 at 2014-11-27 11:13:00 +1100


Started GET "/assets/jquery.raty.js?body=1" for 127.0.0.1 at 2014-11-27 11:13:00 +1100


Started GET "/assets/pages.js?body=1" for 127.0.0.1 at 2014-11-27 11:13:00 +1100


Started GET "/assets/venues.js?body=1" for 127.0.0.1 at 2014-11-27 11:13:00 +1100


Started GET "/assets/scrollReveal.js?body=1" for 127.0.0.1 at 2014-11-27 11:13:00 +1100


Started GET "/assets/search.js?body=1" for 127.0.0.1 at 2014-11-27 11:13:00 +1100


Started GET "/assets/reviews.js?body=1" for 127.0.0.1 at 2014-11-27 11:13:00 +1100


Started GET "/assets/users.js?body=1" for 127.0.0.1 at 2014-11-27 11:13:00 +1100


Started GET "/assets/application.js?body=1" for 127.0.0.1 at 2014-11-27 11:13:01 +1100


Started GET "/js/scrollReveal.min.js" for 127.0.0.1 at 2014-11-27 11:13:01 +1100

ActionController::RoutingError (No route matches [GET] "/js/scrollReveal.min.js"):
  actionpack (4.1.6) lib/action_dispatch/middleware/debug_exceptions.rb:21:in `call'
  actionpack (4.1.6) lib/action_dispatch/middleware/show_exceptions.rb:30:in `call'
  railties (4.1.6) lib/rails/rack/logger.rb:38:in `call_app'
  railties (4.1.6) lib/rails/rack/logger.rb:20:in `block in call'
  activesupport (4.1.6) lib/active_support/tagged_logging.rb:68:in `block in tagged'
  activesupport (4.1.6) lib/active_support/tagged_logging.rb:26:in `tagged'
  activesupport (4.1.6) lib/active_support/tagged_logging.rb:68:in `tagged'
  railties (4.1.6) lib/rails/rack/logger.rb:20:in `call'
  actionpack (4.1.6) lib/action_dispatch/middleware/request_id.rb:21:in `call'
  rack (1.5.2) lib/rack/methodoverride.rb:21:in `call'
  rack (1.5.2) lib/rack/runtime.rb:17:in `call'
  activesupport (4.1.6) lib/active_support/cache/strategy/local_cache_middleware.rb:26:in `call'
  rack (1.5.2) lib/rack/lock.rb:17:in `call'
  actionpack (4.1.6) lib/action_dispatch/middleware/static.rb:64:in `call'
  rack (1.5.2) lib/rack/sendfile.rb:112:in `call'
  railties (4.1.6) lib/rails/engine.rb:514:in `call'
  railties (4.1.6) lib/rails/application.rb:144:in `call'
  rack (1.5.2) lib/rack/lock.rb:17:in `call'
  rack (1.5.2) lib/rack/content_length.rb:14:in `call'
  rack (1.5.2) lib/rack/handler/webrick.rb:60:in `service'
  /Users/PhilJacob/.rvm/rubies/ruby-2.0.0-p481/lib/ruby/2.0.0/webrick/httpserver.rb:138:in `service'
  /Users/PhilJacob/.rvm/rubies/ruby-2.0.0-p481/lib/ruby/2.0.0/webrick/httpserver.rb:94:in `run'
  /Users/PhilJacob/.rvm/rubies/ruby-2.0.0-p481/lib/ruby/2.0.0/webrick/server.rb:295:in `block in start_thread'


  Rendered /Users/PhilJacob/.rvm/gems/ruby-2.0.0-p481/gems/actionpack-4.1.6/lib/action_dispatch/middleware/templates/rescues/_trace.html.erb (0.9ms)
  Rendered /Users/PhilJacob/.rvm/gems/ruby-2.0.0-p481/gems/actionpack-4.1.6/lib/action_dispatch/middleware/templates/routes/_route.html.erb (2.3ms)
  Rendered /Users/PhilJacob/.rvm/gems/ruby-2.0.0-p481/gems/actionpack-4.1.6/lib/action_dispatch/middleware/templates/routes/_table.html.erb (1.0ms)
  Rendered /Users/PhilJacob/.rvm/gems/ruby-2.0.0-p481/gems/actionpack-4.1.6/lib/action_dispatch/middleware/templates/rescues/routing_error.html.erb within rescues/layout (25.0ms)


Started GET "/assets/jquery_ujs.js?body=1" for 127.0.0.1 at 2014-11-27 11:13:01 +1100


Started GET "/assets/desker_logo_white.svg" for 127.0.0.1 at 2014-11-27 11:13:01 +1100


Started GET "/assets/double_down_arrow.png" for 127.0.0.1 at 2014-11-27 11:13:01 +1100


Started GET "/assets/desker_feature_perth.jpg" for 127.0.0.1 at 2014-11-27 11:13:01 +1100


Started GET "/assets/desker_feature_sydney.jpg" for 127.0.0.1 at 2014-11-27 11:13:01 +1100


Started GET "/assets/desker_feature_brisbane.jpg" for 127.0.0.1 at 2014-11-27 11:13:01 +1100


Started GET "/assets/hamburger_placeholder.svg" for 127.0.0.1 at 2014-11-27 11:13:01 +1100


Started GET "/assets/bootstrap/affix.js?body=1" for 127.0.0.1 at 2014-11-27 11:13:01 +1100


Started GET "/assets/desker_feature_melbourne.jpg" for 127.0.0.1 at 2014-11-27 11:13:01 +1100


Started GET "/assets/bootstrap/button.js?body=1" for 127.0.0.1 at 2014-11-27 11:13:01 +1100


Started GET "/assets/bootstrap/carousel.js?body=1" for 127.0.0.1 at 2014-11-27 11:13:01 +1100


Started GET "/assets/bootstrap/collapse.js?body=1" for 127.0.0.1 at 2014-11-27 11:13:01 +1100


Started GET "/assets/bootstrap/dropdown.js?body=1" for 127.0.0.1 at 2014-11-27 11:13:01 +1100


Started GET "/assets/bootstrap/tab.js?body=1" for 127.0.0.1 at 2014-11-27 11:13:01 +1100


Started GET "/assets/bootstrap/modal.js?body=1" for 127.0.0.1 at 2014-11-27 11:13:01 +1100


Started GET "/assets/bootstrap/tooltip.js?body=1" for 127.0.0.1 at 2014-11-27 11:13:01 +1100


Started GET "/assets/moment.js?body=1" for 127.0.0.1 at 2014-11-27 11:13:01 +1100


Started GET "/assets/bootstrap-datetimepicker.js?body=1" for 127.0.0.1 at 2014-11-27 11:13:01 +1100


Started GET "/assets/jquery.raty.js?body=1" for 127.0.0.1 at 2014-11-27 11:13:01 +1100


Started GET "/assets/scrollReveal.js?body=1" for 127.0.0.1 at 2014-11-27 11:13:01 +1100


Started GET "/assets/search.js?body=1" for 127.0.0.1 at 2014-11-27 11:13:01 +1100


Started GET "/assets/users.js?body=1" for 127.0.0.1 at 2014-11-27 11:13:01 +1100


Started GET "/assets/double_down_arrow.png" for 127.0.0.1 at 2014-11-27 11:13:01 +1100


Started GET "/assets/desker_feature_brisbane.jpg" for 127.0.0.1 at 2014-11-27 11:13:01 +1100


Started GET "/assets/desker_feature_melbourne.jpg" for 127.0.0.1 at 2014-11-27 11:13:01 +1100


Started GET "/photo-3.jpg" for 127.0.0.1 at 2014-11-27 11:13:01 +1100

ActionController::RoutingError (No route matches [GET] "/photo-3.jpg"):
  actionpack (4.1.6) lib/action_dispatch/middleware/debug_exceptions.rb:21:in `call'
  actionpack (4.1.6) lib/action_dispatch/middleware/show_exceptions.rb:30:in `call'
  railties (4.1.6) lib/rails/rack/logger.rb:38:in `call_app'
  railties (4.1.6) lib/rails/rack/logger.rb:20:in `block in call'
  activesupport (4.1.6) lib/active_support/tagged_logging.rb:68:in `block in tagged'
  activesupport (4.1.6) lib/active_support/tagged_logging.rb:26:in `tagged'
  activesupport (4.1.6) lib/active_support/tagged_logging.rb:68:in `tagged'
  railties (4.1.6) lib/rails/rack/logger.rb:20:in `call'
  actionpack (4.1.6) lib/action_dispatch/middleware/request_id.rb:21:in `call'
  rack (1.5.2) lib/rack/methodoverride.rb:21:in `call'
  rack (1.5.2) lib/rack/runtime.rb:17:in `call'
  activesupport (4.1.6) lib/active_support/cache/strategy/local_cache_middleware.rb:26:in `call'
  rack (1.5.2) lib/rack/lock.rb:17:in `call'
  actionpack (4.1.6) lib/action_dispatch/middleware/static.rb:64:in `call'
  rack (1.5.2) lib/rack/sendfile.rb:112:in `call'
  railties (4.1.6) lib/rails/engine.rb:514:in `call'
  railties (4.1.6) lib/rails/application.rb:144:in `call'
  rack (1.5.2) lib/rack/lock.rb:17:in `call'
  rack (1.5.2) lib/rack/content_length.rb:14:in `call'
  rack (1.5.2) lib/rack/handler/webrick.rb:60:in `service'
  /Users/PhilJacob/.rvm/rubies/ruby-2.0.0-p481/lib/ruby/2.0.0/webrick/httpserver.rb:138:in `service'
  /Users/PhilJacob/.rvm/rubies/ruby-2.0.0-p481/lib/ruby/2.0.0/webrick/httpserver.rb:94:in `run'
  /Users/PhilJacob/.rvm/rubies/ruby-2.0.0-p481/lib/ruby/2.0.0/webrick/server.rb:295:in `block in start_thread'


  Rendered /Users/PhilJacob/.rvm/gems/ruby-2.0.0-p481/gems/actionpack-4.1.6/lib/action_dispatch/middleware/templates/rescues/_trace.html.erb (0.8ms)
  Rendered /Users/PhilJacob/.rvm/gems/ruby-2.0.0-p481/gems/actionpack-4.1.6/lib/action_dispatch/middleware/templates/routes/_route.html.erb (3.1ms)
  Rendered /Users/PhilJacob/.rvm/gems/ruby-2.0.0-p481/gems/actionpack-4.1.6/lib/action_dispatch/middleware/templates/routes/_table.html.erb (1.7ms)
  Rendered /Users/PhilJacob/.rvm/gems/ruby-2.0.0-p481/gems/actionpack-4.1.6/lib/action_dispatch/middleware/templates/rescues/routing_error.html.erb within rescues/layout (35.0ms)


Started GET "/assets/desker_feature_perth.jpg" for 127.0.0.1 at 2014-11-27 11:13:01 +1100


Started GET "/assets/desker_feature_sydney.jpg" for 127.0.0.1 at 2014-11-27 11:13:01 +1100


Started GET "/assets/photo-3.jpg" for 127.0.0.1 at 2014-11-27 11:13:01 +1100


Started GET "/assets/empty_desks.jpg" for 127.0.0.1 at 2014-11-27 11:13:01 +1100


Started GET "/assets/find_a_space.jpg" for 127.0.0.1 at 2014-11-27 11:13:01 +1100


Started GET "/desks/search?utf8=%E2%9C%93&search=bondi" for 127.0.0.1 at 2014-11-27 11:13:06 +1100
Processing by DesksController#search as HTML
  Parameters: {"utf8"=>"✓", "search"=>"bondi"}
  [1m[36mUser Load (1.3ms)[0m  [1mSELECT  "users".* FROM "users"  WHERE "users"."id" = 6  ORDER BY "users"."id" ASC LIMIT 1[0m
  [1m[33mDesk Search (138.9ms)[0m  curl http://localhost:9200/desks_development/_search?pretty -d '{"query":{"dis_max":{"queries":[{"match":{"_all":{"query":"bondi","operator":"and","boost":10,"analyzer":"searchkick_search"}}},{"match":{"_all":{"query":"bondi","operator":"and","boost":10,"analyzer":"searchkick_search2"}}},{"match":{"_all":{"query":"bondi","operator":"and","boost":1,"fuzziness":1,"max_expansions":3,"analyzer":"searchkick_search"}}},{"match":{"_all":{"query":"bondi","operator":"and","boost":1,"fuzziness":1,"max_expansions":3,"analyzer":"searchkick_search2"}}}]}},"size":100000,"from":0,"fields":[]}'
  [1m[35mDesk Load (39.8ms)[0m  SELECT desks.*, 3958.755864232 * 2 * ASIN(SQRT(POWER(SIN((-33.8908435 - desks.latitude) * PI() / 180 / 2), 2) + COS(-33.8908435 * PI() / 180) * COS(desks.latitude * PI() / 180) * POWER(SIN((151.2742906 - desks.longitude) * PI() / 180 / 2), 2))) AS distance, MOD(CAST((ATAN2( ((desks.longitude - 151.2742906) / 57.2957795), ((desks.latitude - -33.8908435) / 57.2957795)) * 57.2957795) + 360 AS decimal), 360) AS bearing FROM "desks"  WHERE (desks.latitude BETWEEN -33.919789856622174 AND -33.86189714337783 AND desks.longitude BETWEEN 151.2394197320177 AND 151.3091614679823 AND (3958.755864232 * 2 * ASIN(SQRT(POWER(SIN((-33.8908435 - desks.latitude) * PI() / 180 / 2), 2) + COS(-33.8908435 * PI() / 180) * COS(desks.latitude * PI() / 180) * POWER(SIN((151.2742906 - desks.longitude) * PI() / 180 / 2), 2)))) BETWEEN 0.0 AND 2)  ORDER BY distance ASC
  [1m[36mDesk Load (1.6ms)[0m  [1mSELECT "desks".* FROM "desks"  WHERE "desks"."id" IN (18)[0m
  Rendered desks/search.html.erb within layouts/application (35.0ms)
  Rendered layouts/_header.html.erb (1278.5ms)
Completed 500 Internal Server Error in 3606ms

ActionView::Template::Error (User is not authenticated.):
    25:       <% if @current_user.present? %>
    26:       <ul class="nav navbar-nav navbar-right">
    27:           <li class="dropdown">
    28:             <a href="#" class="dropdown-toggle" id="profile-image" data-toggle="dropdown" role="button" aria-expanded="false"> <%= @current_user.name %> <%= image_tag @current_user.avatar %><span class="caret"></span></a>
    29: 
    30:             <ul class="dropdown-menu" role="menu">
    31:               <!--<li><%= "Welcome " + "#{ @current_user.name }" %></li>
  app/views/layouts/_header.html.erb:28:in `_app_views_layouts__header_html_erb___2819106888058459780_70105171147320'
  app/views/layouts/application.html.erb:14:in `_app_views_layouts_application_html_erb___2920106933600017295_70105108763060'


  Rendered /Users/PhilJacob/.rvm/gems/ruby-2.0.0-p481/gems/actionpack-4.1.6/lib/action_dispatch/middleware/templates/rescues/_trace.html.erb (3.2ms)
  Rendered /Users/PhilJacob/.rvm/gems/ruby-2.0.0-p481/gems/actionpack-4.1.6/lib/action_dispatch/middleware/templates/rescues/_request_and_response.html.erb (2.9ms)
  Rendered /Users/PhilJacob/.rvm/gems/ruby-2.0.0-p481/gems/actionpack-4.1.6/lib/action_dispatch/middleware/templates/rescues/template_error.html.erb within rescues/layout (22.7ms)


Started GET "/css/style.css" for 127.0.0.1 at 2014-11-27 11:13:32 +1100

ActionController::RoutingError (No route matches [GET] "/css/style.css"):
  actionpack (4.1.6) lib/action_dispatch/middleware/debug_exceptions.rb:21:in `call'
  actionpack (4.1.6) lib/action_dispatch/middleware/show_exceptions.rb:30:in `call'
  railties (4.1.6) lib/rails/rack/logger.rb:38:in `call_app'
  railties (4.1.6) lib/rails/rack/logger.rb:20:in `block in call'
  activesupport (4.1.6) lib/active_support/tagged_logging.rb:68:in `block in tagged'
  activesupport (4.1.6) lib/active_support/tagged_logging.rb:26:in `tagged'
  activesupport (4.1.6) lib/active_support/tagged_logging.rb:68:in `tagged'
  railties (4.1.6) lib/rails/rack/logger.rb:20:in `call'
  actionpack (4.1.6) lib/action_dispatch/middleware/request_id.rb:21:in `call'
  rack (1.5.2) lib/rack/methodoverride.rb:21:in `call'
  rack (1.5.2) lib/rack/runtime.rb:17:in `call'
  activesupport (4.1.6) lib/active_support/cache/strategy/local_cache_middleware.rb:26:in `call'
  rack (1.5.2) lib/rack/lock.rb:17:in `call'
  actionpack (4.1.6) lib/action_dispatch/middleware/static.rb:64:in `call'
  rack (1.5.2) lib/rack/sendfile.rb:112:in `call'
  railties (4.1.6) lib/rails/engine.rb:514:in `call'
  railties (4.1.6) lib/rails/application.rb:144:in `call'
  rack (1.5.2) lib/rack/lock.rb:17:in `call'
  rack (1.5.2) lib/rack/content_length.rb:14:in `call'
  rack (1.5.2) lib/rack/handler/webrick.rb:60:in `service'
  /Users/PhilJacob/.rvm/rubies/ruby-2.0.0-p481/lib/ruby/2.0.0/webrick/httpserver.rb:138:in `service'
  /Users/PhilJacob/.rvm/rubies/ruby-2.0.0-p481/lib/ruby/2.0.0/webrick/httpserver.rb:94:in `run'
  /Users/PhilJacob/.rvm/rubies/ruby-2.0.0-p481/lib/ruby/2.0.0/webrick/server.rb:295:in `block in start_thread'


  Rendered /Users/PhilJacob/.rvm/gems/ruby-2.0.0-p481/gems/actionpack-4.1.6/lib/action_dispatch/middleware/templates/rescues/_trace.html.erb (1.6ms)
  Rendered /Users/PhilJacob/.rvm/gems/ruby-2.0.0-p481/gems/actionpack-4.1.6/lib/action_dispatch/middleware/templates/routes/_route.html.erb (8.9ms)
  Rendered /Users/PhilJacob/.rvm/gems/ruby-2.0.0-p481/gems/actionpack-4.1.6/lib/action_dispatch/middleware/templates/routes/_table.html.erb (1.1ms)
  Rendered /Users/PhilJacob/.rvm/gems/ruby-2.0.0-p481/gems/actionpack-4.1.6/lib/action_dispatch/middleware/templates/rescues/routing_error.html.erb within rescues/layout (47.9ms)


Started GET "/" for 127.0.0.1 at 2014-11-27 11:13:35 +1100
Processing by PagesController#index as HTML
  [1m[35mUser Load (0.7ms)[0m  SELECT  "users".* FROM "users"  WHERE "users"."id" = 6  ORDER BY "users"."id" ASC LIMIT 1
  Rendered users/_form.html.erb (14.2ms)
  Rendered session/_form.haml (7.0ms)
  Rendered pages/index.html.erb within layouts/application (28.6ms)
Completed 200 OK in 1364ms (Views: 1356.2ms | ActiveRecord: 0.7ms)


Started GET "/assets/desks.css?body=1" for 127.0.0.1 at 2014-11-27 11:13:37 +1100


Started GET "/assets/pages.css?body=1" for 127.0.0.1 at 2014-11-27 11:13:37 +1100


Started GET "/assets/reviews.css?body=1" for 127.0.0.1 at 2014-11-27 11:13:37 +1100


Started GET "/assets/users.css?body=1" for 127.0.0.1 at 2014-11-27 11:13:37 +1100


Started GET "/assets/scaffolds.css?body=1" for 127.0.0.1 at 2014-11-27 11:13:37 +1100


Started GET "/assets/desker.css?body=1" for 127.0.0.1 at 2014-11-27 11:13:37 +1100


Started GET "/assets/venues.css?body=1" for 127.0.0.1 at 2014-11-27 11:13:37 +1100


Started GET "/assets/application.css?body=1" for 127.0.0.1 at 2014-11-27 11:13:37 +1100


Started GET "/css/style.css" for 127.0.0.1 at 2014-11-27 11:13:37 +1100

ActionController::RoutingError (No route matches [GET] "/css/style.css"):
  actionpack (4.1.6) lib/action_dispatch/middleware/debug_exceptions.rb:21:in `call'
  actionpack (4.1.6) lib/action_dispatch/middleware/show_exceptions.rb:30:in `call'
  railties (4.1.6) lib/rails/rack/logger.rb:38:in `call_app'
  railties (4.1.6) lib/rails/rack/logger.rb:20:in `block in call'
  activesupport (4.1.6) lib/active_support/tagged_logging.rb:68:in `block in tagged'
  activesupport (4.1.6) lib/active_support/tagged_logging.rb:26:in `tagged'
  activesupport (4.1.6) lib/active_support/tagged_logging.rb:68:in `tagged'
  railties (4.1.6) lib/rails/rack/logger.rb:20:in `call'
  actionpack (4.1.6) lib/action_dispatch/middleware/request_id.rb:21:in `call'
  rack (1.5.2) lib/rack/methodoverride.rb:21:in `call'
  rack (1.5.2) lib/rack/runtime.rb:17:in `call'
  activesupport (4.1.6) lib/active_support/cache/strategy/local_cache_middleware.rb:26:in `call'
  rack (1.5.2) lib/rack/lock.rb:17:in `call'
  actionpack (4.1.6) lib/action_dispatch/middleware/static.rb:64:in `call'
  rack (1.5.2) lib/rack/sendfile.rb:112:in `call'
  railties (4.1.6) lib/rails/engine.rb:514:in `call'
  railties (4.1.6) lib/rails/application.rb:144:in `call'
  rack (1.5.2) lib/rack/lock.rb:17:in `call'
  rack (1.5.2) lib/rack/content_length.rb:14:in `call'
  rack (1.5.2) lib/rack/handler/webrick.rb:60:in `service'
  /Users/PhilJacob/.rvm/rubies/ruby-2.0.0-p481/lib/ruby/2.0.0/webrick/httpserver.rb:138:in `service'
  /Users/PhilJacob/.rvm/rubies/ruby-2.0.0-p481/lib/ruby/2.0.0/webrick/httpserver.rb:94:in `run'
  /Users/PhilJacob/.rvm/rubies/ruby-2.0.0-p481/lib/ruby/2.0.0/webrick/server.rb:295:in `block in start_thread'


  Rendered /Users/PhilJacob/.rvm/gems/ruby-2.0.0-p481/gems/actionpack-4.1.6/lib/action_dispatch/middleware/templates/rescues/_trace.html.erb (2.2ms)
  Rendered /Users/PhilJacob/.rvm/gems/ruby-2.0.0-p481/gems/actionpack-4.1.6/lib/action_dispatch/middleware/templates/routes/_route.html.erb (10.2ms)
  Rendered /Users/PhilJacob/.rvm/gems/ruby-2.0.0-p481/gems/actionpack-4.1.6/lib/action_dispatch/middleware/templates/routes/_table.html.erb (3.1ms)
  Rendered /Users/PhilJacob/.rvm/gems/ruby-2.0.0-p481/gems/actionpack-4.1.6/lib/action_dispatch/middleware/templates/rescues/routing_error.html.erb within rescues/layout (99.4ms)


Started GET "/assets/jquery.js?body=1" for 127.0.0.1 at 2014-11-27 11:13:37 +1100


Started GET "/assets/jquery_ujs.js?body=1" for 127.0.0.1 at 2014-11-27 11:13:37 +1100


Started GET "/assets/bootstrap/affix.js?body=1" for 127.0.0.1 at 2014-11-27 11:13:37 +1100


Started GET "/assets/bootstrap/alert.js?body=1" for 127.0.0.1 at 2014-11-27 11:13:37 +1100


Started GET "/assets/bootstrap/button.js?body=1" for 127.0.0.1 at 2014-11-27 11:13:37 +1100


Started GET "/assets/bootstrap/carousel.js?body=1" for 127.0.0.1 at 2014-11-27 11:13:37 +1100


Started GET "/assets/bootstrap/collapse.js?body=1" for 127.0.0.1 at 2014-11-27 11:13:37 +1100


Started GET "/assets/bootstrap/dropdown.js?body=1" for 127.0.0.1 at 2014-11-27 11:13:37 +1100


Started GET "/assets/bootstrap/transition.js?body=1" for 127.0.0.1 at 2014-11-27 11:13:37 +1100


Started GET "/assets/bootstrap/scrollspy.js?body=1" for 127.0.0.1 at 2014-11-27 11:13:37 +1100


Started GET "/assets/bootstrap/modal.js?body=1" for 127.0.0.1 at 2014-11-27 11:13:37 +1100


Started GET "/assets/bootstrap/tab.js?body=1" for 127.0.0.1 at 2014-11-27 11:13:38 +1100


Started GET "/assets/bootstrap.js?body=1" for 127.0.0.1 at 2014-11-27 11:13:38 +1100


Started GET "/assets/bootstrap/popover.js?body=1" for 127.0.0.1 at 2014-11-27 11:13:38 +1100


Started GET "/assets/bootstrap/tooltip.js?body=1" for 127.0.0.1 at 2014-11-27 11:13:38 +1100


Started GET "/assets/moment.js?body=1" for 127.0.0.1 at 2014-11-27 11:13:38 +1100


Started GET "/assets/bootstrap-datetimepicker.js?body=1" for 127.0.0.1 at 2014-11-27 11:13:38 +1100


Started GET "/assets/desker.js?body=1" for 127.0.0.1 at 2014-11-27 11:13:38 +1100


Started GET "/assets/desks.js?body=1" for 127.0.0.1 at 2014-11-27 11:13:38 +1100


Started GET "/assets/jquery.raty.js?body=1" for 127.0.0.1 at 2014-11-27 11:13:38 +1100


Started GET "/assets/pages.js?body=1" for 127.0.0.1 at 2014-11-27 11:13:38 +1100


Started GET "/assets/search.js?body=1" for 127.0.0.1 at 2014-11-27 11:13:38 +1100


Started GET "/assets/reviews.js?body=1" for 127.0.0.1 at 2014-11-27 11:13:38 +1100


Started GET "/assets/scrollReveal.js?body=1" for 127.0.0.1 at 2014-11-27 11:13:38 +1100


Started GET "/assets/users.js?body=1" for 127.0.0.1 at 2014-11-27 11:13:38 +1100


Started GET "/assets/venues.js?body=1" for 127.0.0.1 at 2014-11-27 11:13:38 +1100


Started GET "/assets/application.js?body=1" for 127.0.0.1 at 2014-11-27 11:13:38 +1100


Started GET "/js/scrollReveal.min.js" for 127.0.0.1 at 2014-11-27 11:13:38 +1100

ActionController::RoutingError (No route matches [GET] "/js/scrollReveal.min.js"):
  actionpack (4.1.6) lib/action_dispatch/middleware/debug_exceptions.rb:21:in `call'
  actionpack (4.1.6) lib/action_dispatch/middleware/show_exceptions.rb:30:in `call'
  railties (4.1.6) lib/rails/rack/logger.rb:38:in `call_app'
  railties (4.1.6) lib/rails/rack/logger.rb:20:in `block in call'
  activesupport (4.1.6) lib/active_support/tagged_logging.rb:68:in `block in tagged'
  activesupport (4.1.6) lib/active_support/tagged_logging.rb:26:in `tagged'
  activesupport (4.1.6) lib/active_support/tagged_logging.rb:68:in `tagged'
  railties (4.1.6) lib/rails/rack/logger.rb:20:in `call'
  actionpack (4.1.6) lib/action_dispatch/middleware/request_id.rb:21:in `call'
  rack (1.5.2) lib/rack/methodoverride.rb:21:in `call'
  rack (1.5.2) lib/rack/runtime.rb:17:in `call'
  activesupport (4.1.6) lib/active_support/cache/strategy/local_cache_middleware.rb:26:in `call'
  rack (1.5.2) lib/rack/lock.rb:17:in `call'
  actionpack (4.1.6) lib/action_dispatch/middleware/static.rb:64:in `call'
  rack (1.5.2) lib/rack/sendfile.rb:112:in `call'
  railties (4.1.6) lib/rails/engine.rb:514:in `call'
  railties (4.1.6) lib/rails/application.rb:144:in `call'
  rack (1.5.2) lib/rack/lock.rb:17:in `call'
  rack (1.5.2) lib/rack/content_length.rb:14:in `call'
  rack (1.5.2) lib/rack/handler/webrick.rb:60:in `service'
  /Users/PhilJacob/.rvm/rubies/ruby-2.0.0-p481/lib/ruby/2.0.0/webrick/httpserver.rb:138:in `service'
  /Users/PhilJacob/.rvm/rubies/ruby-2.0.0-p481/lib/ruby/2.0.0/webrick/httpserver.rb:94:in `run'
  /Users/PhilJacob/.rvm/rubies/ruby-2.0.0-p481/lib/ruby/2.0.0/webrick/server.rb:295:in `block in start_thread'


  Rendered /Users/PhilJacob/.rvm/gems/ruby-2.0.0-p481/gems/actionpack-4.1.6/lib/action_dispatch/middleware/templates/rescues/_trace.html.erb (2.4ms)
  Rendered /Users/PhilJacob/.rvm/gems/ruby-2.0.0-p481/gems/actionpack-4.1.6/lib/action_dispatch/middleware/templates/routes/_route.html.erb (6.9ms)
  Rendered /Users/PhilJacob/.rvm/gems/ruby-2.0.0-p481/gems/actionpack-4.1.6/lib/action_dispatch/middleware/templates/routes/_table.html.erb (1.6ms)
  Rendered /Users/PhilJacob/.rvm/gems/ruby-2.0.0-p481/gems/actionpack-4.1.6/lib/action_dispatch/middleware/templates/rescues/routing_error.html.erb within rescues/layout (83.6ms)


Started GET "/assets/bootstrap/collapse.js?body=1" for 127.0.0.1 at 2014-11-27 11:13:38 +1100


Started GET "/assets/desker_logo_white.svg" for 127.0.0.1 at 2014-11-27 11:13:38 +1100


Started GET "/assets/double_down_arrow.png" for 127.0.0.1 at 2014-11-27 11:13:38 +1100


Started GET "/assets/hamburger_placeholder.svg" for 127.0.0.1 at 2014-11-27 11:13:38 +1100


Started GET "/assets/desker_feature_brisbane.jpg" for 127.0.0.1 at 2014-11-27 11:13:38 +1100


Started GET "/assets/bootstrap/dropdown.js?body=1" for 127.0.0.1 at 2014-11-27 11:13:38 +1100


Started GET "/assets/desker_feature_perth.jpg" for 127.0.0.1 at 2014-11-27 11:13:38 +1100


Started GET "/assets/desker_feature_sydney.jpg" for 127.0.0.1 at 2014-11-27 11:13:38 +1100


Started GET "/assets/desker_feature_melbourne.jpg" for 127.0.0.1 at 2014-11-27 11:13:38 +1100


Started GET "/assets/bootstrap/tab.js?body=1" for 127.0.0.1 at 2014-11-27 11:13:38 +1100


Started GET "/assets/bootstrap/modal.js?body=1" for 127.0.0.1 at 2014-11-27 11:13:38 +1100


Started GET "/assets/bootstrap/tooltip.js?body=1" for 127.0.0.1 at 2014-11-27 11:13:38 +1100


Started GET "/assets/moment.js?body=1" for 127.0.0.1 at 2014-11-27 11:13:38 +1100


Started GET "/assets/bootstrap-datetimepicker.js?body=1" for 127.0.0.1 at 2014-11-27 11:13:38 +1100


Started GET "/assets/jquery.raty.js?body=1" for 127.0.0.1 at 2014-11-27 11:13:38 +1100


Started GET "/assets/scrollReveal.js?body=1" for 127.0.0.1 at 2014-11-27 11:13:38 +1100


Started GET "/assets/search.js?body=1" for 127.0.0.1 at 2014-11-27 11:13:38 +1100


Started GET "/assets/users.js?body=1" for 127.0.0.1 at 2014-11-27 11:13:38 +1100


Started GET "/photo-3.jpg" for 127.0.0.1 at 2014-11-27 11:13:38 +1100

ActionController::RoutingError (No route matches [GET] "/photo-3.jpg"):
  actionpack (4.1.6) lib/action_dispatch/middleware/debug_exceptions.rb:21:in `call'
  actionpack (4.1.6) lib/action_dispatch/middleware/show_exceptions.rb:30:in `call'
  railties (4.1.6) lib/rails/rack/logger.rb:38:in `call_app'
  railties (4.1.6) lib/rails/rack/logger.rb:20:in `block in call'
  activesupport (4.1.6) lib/active_support/tagged_logging.rb:68:in `block in tagged'
  activesupport (4.1.6) lib/active_support/tagged_logging.rb:26:in `tagged'
  activesupport (4.1.6) lib/active_support/tagged_logging.rb:68:in `tagged'
  railties (4.1.6) lib/rails/rack/logger.rb:20:in `call'
  actionpack (4.1.6) lib/action_dispatch/middleware/request_id.rb:21:in `call'
  rack (1.5.2) lib/rack/methodoverride.rb:21:in `call'
  rack (1.5.2) lib/rack/runtime.rb:17:in `call'
  activesupport (4.1.6) lib/active_support/cache/strategy/local_cache_middleware.rb:26:in `call'
  rack (1.5.2) lib/rack/lock.rb:17:in `call'
  actionpack (4.1.6) lib/action_dispatch/middleware/static.rb:64:in `call'
  rack (1.5.2) lib/rack/sendfile.rb:112:in `call'
  railties (4.1.6) lib/rails/engine.rb:514:in `call'
  railties (4.1.6) lib/rails/application.rb:144:in `call'
  rack (1.5.2) lib/rack/lock.rb:17:in `call'
  rack (1.5.2) lib/rack/content_length.rb:14:in `call'
  rack (1.5.2) lib/rack/handler/webrick.rb:60:in `service'
  /Users/PhilJacob/.rvm/rubies/ruby-2.0.0-p481/lib/ruby/2.0.0/webrick/httpserver.rb:138:in `service'
  /Users/PhilJacob/.rvm/rubies/ruby-2.0.0-p481/lib/ruby/2.0.0/webrick/httpserver.rb:94:in `run'
  /Users/PhilJacob/.rvm/rubies/ruby-2.0.0-p481/lib/ruby/2.0.0/webrick/server.rb:295:in `block in start_thread'


  Rendered /Users/PhilJacob/.rvm/gems/ruby-2.0.0-p481/gems/actionpack-4.1.6/lib/action_dispatch/middleware/templates/rescues/_trace.html.erb (1.4ms)
  Rendered /Users/PhilJacob/.rvm/gems/ruby-2.0.0-p481/gems/actionpack-4.1.6/lib/action_dispatch/middleware/templates/routes/_route.html.erb (4.8ms)
  Rendered /Users/PhilJacob/.rvm/gems/ruby-2.0.0-p481/gems/actionpack-4.1.6/lib/action_dispatch/middleware/templates/routes/_table.html.erb (2.0ms)
  Rendered /Users/PhilJacob/.rvm/gems/ruby-2.0.0-p481/gems/actionpack-4.1.6/lib/action_dispatch/middleware/templates/rescues/routing_error.html.erb within rescues/layout (64.9ms)


Started GET "/assets/photo-3.jpg" for 127.0.0.1 at 2014-11-27 11:13:38 +1100


Started GET "/assets/find_a_space.jpg" for 127.0.0.1 at 2014-11-27 11:13:39 +1100


Started GET "/assets/empty_desks.jpg" for 127.0.0.1 at 2014-11-27 11:13:39 +1100


Started GET "/desks/search?utf8=%E2%9C%93&search=sydney" for 127.0.0.1 at 2014-11-27 11:13:41 +1100
Processing by DesksController#search as HTML
  Parameters: {"utf8"=>"✓", "search"=>"sydney"}
  [1m[36mUser Load (2.7ms)[0m  [1mSELECT  "users".* FROM "users"  WHERE "users"."id" = 6  ORDER BY "users"."id" ASC LIMIT 1[0m
  [1m[33mDesk Search (26.8ms)[0m  curl http://localhost:9200/desks_development/_search?pretty -d '{"query":{"dis_max":{"queries":[{"match":{"_all":{"query":"sydney","operator":"and","boost":10,"analyzer":"searchkick_search"}}},{"match":{"_all":{"query":"sydney","operator":"and","boost":10,"analyzer":"searchkick_search2"}}},{"match":{"_all":{"query":"sydney","operator":"and","boost":1,"fuzziness":1,"max_expansions":3,"analyzer":"searchkick_search"}}},{"match":{"_all":{"query":"sydney","operator":"and","boost":1,"fuzziness":1,"max_expansions":3,"analyzer":"searchkick_search2"}}}]}},"size":100000,"from":0,"fields":[]}'
  [1m[35mDesk Load (5.9ms)[0m  SELECT desks.*, 3958.755864232 * 2 * ASIN(SQRT(POWER(SIN((-33.8674869 - desks.latitude) * PI() / 180 / 2), 2) + COS(-33.8674869 * PI() / 180) * COS(desks.latitude * PI() / 180) * POWER(SIN((151.2069902 - desks.longitude) * PI() / 180 / 2), 2))) AS distance, MOD(CAST((ATAN2( ((desks.longitude - 151.2069902) / 57.2957795), ((desks.latitude - -33.8674869) / 57.2957795)) * 57.2957795) + 360 AS decimal), 360) AS bearing FROM "desks"  WHERE (desks.latitude BETWEEN -33.896433256622174 AND -33.83854054337783 AND desks.longitude BETWEEN 151.1721288753574 AND 151.2418515246426 AND (3958.755864232 * 2 * ASIN(SQRT(POWER(SIN((-33.8674869 - desks.latitude) * PI() / 180 / 2), 2) + COS(-33.8674869 * PI() / 180) * COS(desks.latitude * PI() / 180) * POWER(SIN((151.2069902 - desks.longitude) * PI() / 180 / 2), 2)))) BETWEEN 0.0 AND 2)  ORDER BY distance ASC
  [1m[36mDesk Load (7.3ms)[0m  [1mSELECT "desks".* FROM "desks"  WHERE "desks"."id" IN (20, 17, 16)[0m
  Rendered desks/search.html.erb within layouts/application (37.6ms)
  Rendered layouts/_header.html.erb (1027.2ms)
Completed 500 Internal Server Error in 2595ms

ActionView::Template::Error (User is not authenticated.):
    25:       <% if @current_user.present? %>
    26:       <ul class="nav navbar-nav navbar-right">
    27:           <li class="dropdown">
    28:             <a href="#" class="dropdown-toggle" id="profile-image" data-toggle="dropdown" role="button" aria-expanded="false"> <%= @current_user.name %> <%= image_tag @current_user.avatar %><span class="caret"></span></a>
    29: 
    30:             <ul class="dropdown-menu" role="menu">
    31:               <!--<li><%= "Welcome " + "#{ @current_user.name }" %></li>
  app/views/layouts/_header.html.erb:28:in `_app_views_layouts__header_html_erb___2819106888058459780_70105171147320'
  app/views/layouts/application.html.erb:14:in `_app_views_layouts_application_html_erb___2920106933600017295_70105108763060'


  Rendered /Users/PhilJacob/.rvm/gems/ruby-2.0.0-p481/gems/actionpack-4.1.6/lib/action_dispatch/middleware/templates/rescues/_trace.html.erb (1.1ms)
  Rendered /Users/PhilJacob/.rvm/gems/ruby-2.0.0-p481/gems/actionpack-4.1.6/lib/action_dispatch/middleware/templates/rescues/_request_and_response.html.erb (1.3ms)
  Rendered /Users/PhilJacob/.rvm/gems/ruby-2.0.0-p481/gems/actionpack-4.1.6/lib/action_dispatch/middleware/templates/rescues/template_error.html.erb within rescues/layout (13.9ms)


Started GET "/desks/search?utf8=%E2%9C%93&search=sydney" for 127.0.0.1 at 2014-11-27 11:16:50 +1100
Processing by DesksController#search as HTML
  Parameters: {"utf8"=>"✓", "search"=>"sydney"}
  [1m[35mUser Load (9.6ms)[0m  SELECT  "users".* FROM "users"  WHERE "users"."id" = 6  ORDER BY "users"."id" ASC LIMIT 1
  [1m[33mDesk Search (34.7ms)[0m  curl http://localhost:9200/desks_development/_search?pretty -d '{"query":{"dis_max":{"queries":[{"match":{"_all":{"query":"sydney","operator":"and","boost":10,"analyzer":"searchkick_search"}}},{"match":{"_all":{"query":"sydney","operator":"and","boost":10,"analyzer":"searchkick_search2"}}},{"match":{"_all":{"query":"sydney","operator":"and","boost":1,"fuzziness":1,"max_expansions":3,"analyzer":"searchkick_search"}}},{"match":{"_all":{"query":"sydney","operator":"and","boost":1,"fuzziness":1,"max_expansions":3,"analyzer":"searchkick_search2"}}}]}},"size":100000,"from":0,"fields":[]}'
  [1m[36mDesk Load (2.0ms)[0m  [1mSELECT desks.*, 3958.755864232 * 2 * ASIN(SQRT(POWER(SIN((-33.8674869 - desks.latitude) * PI() / 180 / 2), 2) + COS(-33.8674869 * PI() / 180) * COS(desks.latitude * PI() / 180) * POWER(SIN((151.2069902 - desks.longitude) * PI() / 180 / 2), 2))) AS distance, MOD(CAST((ATAN2( ((desks.longitude - 151.2069902) / 57.2957795), ((desks.latitude - -33.8674869) / 57.2957795)) * 57.2957795) + 360 AS decimal), 360) AS bearing FROM "desks"  WHERE (desks.latitude BETWEEN -33.896433256622174 AND -33.83854054337783 AND desks.longitude BETWEEN 151.1721288753574 AND 151.2418515246426 AND (3958.755864232 * 2 * ASIN(SQRT(POWER(SIN((-33.8674869 - desks.latitude) * PI() / 180 / 2), 2) + COS(-33.8674869 * PI() / 180) * COS(desks.latitude * PI() / 180) * POWER(SIN((151.2069902 - desks.longitude) * PI() / 180 / 2), 2)))) BETWEEN 0.0 AND 2)  ORDER BY distance ASC[0m
  [1m[35mDesk Load (0.6ms)[0m  SELECT "desks".* FROM "desks"  WHERE "desks"."id" IN (20, 17, 16)
  Rendered desks/search.html.erb within layouts/application (11.5ms)
  Rendered layouts/_header.html.erb (1125.3ms)
Completed 500 Internal Server Error in 2129ms

ActionView::Template::Error (User is not authenticated.):
    25:       <% if @current_user.present? %>
    26:       <ul class="nav navbar-nav navbar-right">
    27:           <li class="dropdown">
    28:             <a href="#" class="dropdown-toggle" id="profile-image" data-toggle="dropdown" role="button" aria-expanded="false"> <%= @current_user.name %> <%= image_tag @current_user.avatar %><span class="caret"></span></a>
    29: 
    30:             <ul class="dropdown-menu" role="menu">
    31:               <!--<li><%= "Welcome " + "#{ @current_user.name }" %></li>
  app/views/layouts/_header.html.erb:28:in `_app_views_layouts__header_html_erb___2819106888058459780_70105171147320'
  app/views/layouts/application.html.erb:14:in `_app_views_layouts_application_html_erb___2920106933600017295_70105108763060'


  Rendered /Users/PhilJacob/.rvm/gems/ruby-2.0.0-p481/gems/actionpack-4.1.6/lib/action_dispatch/middleware/templates/rescues/_trace.html.erb (1.2ms)
  Rendered /Users/PhilJacob/.rvm/gems/ruby-2.0.0-p481/gems/actionpack-4.1.6/lib/action_dispatch/middleware/templates/rescues/_request_and_response.html.erb (1.0ms)
  Rendered /Users/PhilJacob/.rvm/gems/ruby-2.0.0-p481/gems/actionpack-4.1.6/lib/action_dispatch/middleware/templates/rescues/template_error.html.erb within rescues/layout (13.5ms)
